









<!DOCTYPE html>
<html>
<head>
	<meta charset='UTF-8' /> 
	<meta name='description' content='' />
	<meta name='robots' content='noodp, noydir' />
	<meta name='viewport' content='width=device-width, initial-scale=1' />
	<meta id="timeStampFormat" name="timeStampFormat" content='MMM d, yyyy hh:mm:ss a'/>
	
        <link href='https://fonts.googleapis.com/css?family=Source+Sans+Pro:400,600' rel='stylesheet' type='text/css' />
        <link href="https://fonts.googleapis.com/icon?family=Material+Icons" rel="stylesheet" />
        <link href='https://cdn.jsdelivr.net/gh/extent-framework/extent-github-cdn@ff53917fbbdb5ef820abbbe4d199a6942dc771ff/v3html/css/extent.css' type='text/css' rel='stylesheet' />
	
	<title>Selenix - Extent Reports</title>

	<style type='text/css'>
		/* json-tree */
		.jstBracket,.jstComma,.jstValue{white-space:pre-wrap}.jstValue{font-size:10px;font-weight:400;font-family:"Lucida Console",Monaco,monospace}.jstProperty{color:#666;word-wrap:break-word}.jstBool{color:#2525CC}.jstNum{color:#D036D0}.jstNull{color:gray}.jstStr{color:#2DB669}.jstFold:after{content:' -';cursor:pointer}.jstExpand{white-space:normal}.jstExpand:after{content:' +';cursor:pointer}.jstFolded{white-space:normal!important}.jstHiddenBlock{display:none}
			


		
	</style>
	
	<script type="text/javascript">
		/*! json-tree - v0.2.2 - 2017-09-25, MIT LICENSE */
		var JSONTree=function(){var n={"&":"&amp;","<":"&lt;",">":"&gt;",'"':"&quot;","'":"&#x27;","/":"&#x2F;"},t=0,r=0;this.create=function(n,t){return r+=1,N(u(n,0,!1),{class:"jstValue"})};var e=function(t){return t.replace(/[&<>'"]/g,function(t){return n[t]})},s=function(){return r+"_"+t++},u=function(n,t,r){if(null===n)return f(r?t:0);switch(typeof n){case"boolean":return l(n,r?t:0);case"number":return i(n,r?t:0);case"string":return o(n,r?t:0);default:return n instanceof Array?a(n,t,r):c(n,t,r)}},c=function(n,t,r){var e=s(),u=Object.keys(n).map(function(r){return j(r,n[r],t+1,!0)}).join(m()),c=[g("{",r?t:0,e),N(u,{id:e}),p("}",t)].join("\n");return N(c,{})},a=function(n,t,r){var e=s(),c=n.map(function(n){return u(n,t+1,!0)}).join(m());return[g("[",r?t:0,e),N(c,{id:e}),p("]",t)].join("\n")},o=function(n,t){var r=e(JSON.stringify(n));return N(v(r,t),{class:"jstStr"})},i=function(n,t){return N(v(n,t),{class:"jstNum"})},l=function(n,t){return N(v(n,t),{class:"jstBool"})},f=function(n){return N(v("null",n),{class:"jstNull"})},j=function(n,t,r){var s=v(e(JSON.stringify(n))+": ",r),c=N(u(t,r,!1),{});return N(s+c,{class:"jstProperty"})},m=function(){return N(",\n",{class:"jstComma"})},N=function(n,t){return d("span",t,n)},d=function(n,t,r){return"<"+n+Object.keys(t).map(function(n){return" "+n+'="'+t[n]+'"'}).join("")+">"+r+"</"+n+">"},g=function(n,t,r){return N(v(n,t),{class:"jstBracket"})+N("",{class:"jstFold",onclick:"JSONTree.toggle('"+r+"')"})};this.toggle=function(n){var t=document.getElementById(n),r=t.parentNode,e=t.previousElementSibling;""===t.className?(t.className="jstHiddenBlock",r.className="jstFolded",e.className="jstExpand"):(t.className="",r.className="",e.className="jstFold")};var p=function(n,t){return N(v(n,t),{})},v=function(n,t){return Array(2*t+1).join(" ")+n};return this}();
	</script>
</head>
	<body class='extent standard default hide-overflow bdd-report'>
		<div id='theme-selector' alt='Click to toggle theme. To enable by default, use theme configuration.' title='Click to toggle theme. To enable by default, use theme configuration.'>
			<span><i class='material-icons'>desktop_windows</i></span>
		</div>
<nav>
	<div class="nav-wrapper">
		<a href="#!" class="brand-logo black"><img src="https://cdn.rawgit.com/extent-framework/extent-github-cdn/d74480e/commons/img/logo.png"></a>
		<!-- slideout menu -->
		<ul id='slide-out' class='side-nav fixed hide-on-med-and-down'>
			<li class='waves-effect active'><a href='#!' view='test-view' onclick="configureView(0);chartsView('test');"><i class='material-icons'>dashboard</i></a></li>
						<li class='waves-effect'><a href='#!' view='category-view' onclick="configureView(1)"><i class='material-icons'>label_outline</i></a></li>
			<li class='waves-effect'><a href='#!' view='exception-view' onclick="configureView(2)"><i class='material-icons'>bug_report</i></a></li>
			<li class='waves-effect'><a href='#!' onclick="configureView(-1);chartsView('dashboard');" view='dashboard-view'><i class='material-icons'>track_changes</i></a></li>
		</ul>
		<!-- report name -->
		<span class='report-name'>Selenix Test Reports</span>
		<!-- report headline -->
		<span class='report-headline'></span>
		<!-- nav-right -->
		<ul id='nav-mobile' class='right hide-on-med-and-down nav-right'>
			<a href='#!'>
			<span class='label blue darken-3 suite-start-time'>Jan 3, 2022 03:25:51 PM</span>
			</a>
		</ul>
	</div>
</nav>		<!-- container -->
		<div class='container'>
<div id='test-view' class='view'>
	<section id='controls'>
		<div class='controls grey lighten-4'>
			<!-- test toggle -->
			<div class='chip transparent'>
				<a class='dropdown-button tests-toggle' data-activates='tests-toggle' data-constrainwidth='true' data-beloworigin='true' data-hover='true' href='#'>
				<i class='material-icons'>warning</i> Status
				</a>
				<ul id='tests-toggle' class='dropdown-content'>
										<li status='pass'><a href='#!'>Pass <i class='material-icons green-text'>check_circle</i></a></li>
					<li status='fail'><a href='#!'>Fail <i class='material-icons red-text'>cancel</i></a></li>
					<li status='skip'><a href='#!'>Skip <i class='material-icons cyan-text'>redo</i></a></li>
					<li class='divider'></li>
					<li status='clear' clear='true'><a href='#!'>Clear Filters <i class='material-icons'>clear</i></a></li>
				</ul>
			</div>
			<!-- test toggle -->
			<!-- category toggle -->
			<div class='chip transparent'>
				<a class='dropdown-button category-toggle' data-activates='category-toggle' data-constrainwidth='false' data-beloworigin='true' data-hover='true' href='#'>
				<i class='material-icons'>local_offer</i> Category
				</a>
				<ul id='category-toggle' class='dropdown-content'>
					<li><a href='#'>@LoginPage</a></li>
					<li><a href='#'>@Login</a></li>
					<li class='divider'></li>
					<li class='clear'><a href='#!' clear='true'>Clear Filters</a></li>
				</ul>
			</div>
			<!-- category toggle -->
			<!-- clear filters -->
			<div class='chip transparent hide'>
				<a class='' id='clear-filters' alt='Clear Filters' title='Clear Filters'>
				<i class='material-icons'>close</i> Clear
				</a>
			</div>
			<!-- clear filters -->
			<!-- enable dashboard -->
			<div id='toggle-test-view-charts' class='chip transparent'>
				<a class='pink-text' id='enable-dashboard' alt='Enable Dashboard' title='Enable Dashboard'>
				<i class='material-icons'>track_changes</i> Dashboard
				</a>
			</div>
			<!-- enable dashboard -->
			<!-- search -->
			<div class='chip transparent' alt='Search Tests' title='Search Tests'>
				<a href="#" class='search-div'>
				<i class='material-icons'>search</i> Search
				</a>
				<div class='input-field left hide'>
					<input id='search-tests' type='text' class='validate browser-default' placeholder='Search Tests...'>
				</div>
			</div>
			<!-- search -->
		</div>
	</section>
<div id='test-view-charts' class='subview-full'>
    <div id='charts-row' class='row nm-v nm-h'>
        <div class='col s12 m4 l4 np-h'>
            <div class='card-panel nm-v'>
                <div class='left panel-name'>Features</div>
                <div class='chart-box' style="max-height:94px;">
                    <canvas id='parent-analysis' width='90' height='70'></canvas>
                </div>
                <div class='block text-small'>
                    <span class='tooltipped' data-position='top' data-tooltip='0%'><span class='strong'>0</span> feature(s) passed</span>
                </div>
                <div class='block text-small'>
                    <span class='strong tooltipped' data-position='top' data-tooltip='100%'>1</span> feature(s) failed, <span class='strong tooltipped' data-position='top' data-tooltip='0%'>0</span> skipped
                </div>
            </div>
        </div>
        <div class='col s12 m4 l4 np-h'>
            <div class='card-panel nm-v'>
                <div class='left panel-name'>Scenarios</div>
                <div class='chart-box' style="max-height:94px;">
                    <canvas id='child-analysis' width='90' height='70'></canvas>
                </div>
                <div class='block text-small'>
                    <span class='tooltipped' data-position='top' data-tooltip='85.714%'><span class='strong'>6</span> scenario(s) passed</span>
                </div>
                <div class='block text-small'>
                    <span class='strong tooltipped' data-position='top' data-tooltip='14.286%'>1</span> scenario(s) failed, 
                    <span class='strong tooltipped' data-position='top' data-tooltip='0%'>0</span> skipped, 
                    <span class='strong tooltipped' data-position='top' data-tooltip='0%'>0</span> others
                </div>
            </div>
        </div>
        <div class='col s12 m4 l4 np-h'>
            <div class='card-panel nm-v'>
                <div class='left panel-name'>Steps</div>
                <div class='chart-box' style="max-height:94px;">
                    <canvas id='grandchild-analysis' width='90' height='70'></canvas>
                </div>
                <div class='block text-small'>
                    <span class='tooltipped' data-position='top' data-tooltip='88.571%'><span class='strong'>31</span> step(s) passed</span>
                </div>
                <div class='block text-small'>
                    <span class='strong tooltipped' data-position='top' data-tooltip='2.857%'>1</span> scenario(s) failed, 
                    <span class='strong tooltipped' data-position='top' data-tooltip='8.571%'>3</span> skipped, 
                    <span class='strong tooltipped' data-position='top' data-tooltip='8.571%'>0</span> others
                </div>
            </div>
        </div>
    </div>
    <div id="timeline-chart" class="row nm-v nm-h">
        <div class="col s12 m12 l12 np-h">
            <div class="card-panel">
                <div class='left panel-name'>Timeline (seconds)</div>
                <div class="chart-box" style="width:98%;max-height:145px;">
                    <canvas id="timeline" height="120"></canvas>
                </div>
            </div>
        </div>
    </div>
</div>	<div class='subview-left left'>
		<div class='view-summary'>
			<ul id='test-collection' class='test-collection'>
				<li class='test displayed active has-leaf fail' status='fail' bdd='true' test-id='1'>
					<div class='test-heading'>
						<span class='test-name'>Flipkart -text-boxes buttons  and links are present on the Login page</span>
						<span class='test-time'>Jan 3, 2022 03:25:57 PM</span>
						<span class='test-status right fail'>fail</span>
					</div>
					<div class='test-content hide'>
<div class="sr-filters bdd-filters">
	<a class="btn-floating waves-effect waves-light pass green" title="pass"><i class='material-icons'>check_circle</i></a>
	<a class="btn-floating waves-effect waves-light fail red" title="fail"><i class='material-icons'>cancel</i></a>
	<a class="btn-floating waves-effect waves-light skip blue" title="skip"><i class='material-icons'>redo</i></a>
	<a class="btn-floating waves-effect waves-light clear grey" title="clear"><i class='material-icons'>clear</i></a>
</div>
<div class='test-desc'>Description: Verify that all the labels and controls including text-boxes, buttons, and links are present on the Login page</div>
<div class='scenario node' test-id='2' status='pass'>
	<div class='category-list'>
		<span class='category label'>@LoginPage</span>
		<span class='category label'>@Login</span>
	</div>
	<span class='duration right label'>0h 0m 1s+25ms</span>
	<div class="bdd-test">
		<div class="scenario-name"><span class='status pass' title='pass'><i class='material-icons'>check_circle</i></span> Scenario: Validate Login Page UserName Password Terms and Privacy links and Login Button</div>
	</div>
	<ul class='steps'>
		<li test-id='4' class='node given pass' status='pass'>
			<div class="step-name" title="com.stepdefinitions.LoginTest.launch_the_browser_navigate_to_the_Flipkart_HomePage_url_and_navigate_to_user_login_page()"><span class='status pass' title='pass'><i class='material-icons'>check_circle</i></span>Given Launch the browser navigate to the Flipkart HomePage url and navigate to user login page</div>
			<div class="node-step"></div>
		</li>
		<li test-id='5' class='node then pass' status='pass'>
			<div class="step-name" title="com.stepdefinitions.LoginTest.verify_Login_Screen_is_displayed()"><span class='status pass' title='pass'><i class='material-icons'>check_circle</i></span>Then Verify Login Screen is displayed</div>
			<div class="node-step"></div>
		</li>
		<li test-id='6' class='node then pass' status='pass'>
			<div class="step-name" title="com.stepdefinitions.LoginTest.verify_userName_filed_textbox_is_displayed_and_validated()"><span class='status pass' title='pass'><i class='material-icons'>check_circle</i></span>Then verify userName filed textbox is displayed and validated</div>
			<div class="node-step"></div>
		</li>
		<li test-id='7' class='node then pass' status='pass'>
			<div class="step-name" title="com.stepdefinitions.LoginTest.verify_password_filed_textbox_is_displayed_and_validated()"><span class='status pass' title='pass'><i class='material-icons'>check_circle</i></span>Then verify password filed textbox is displayed and validated</div>
			<div class="node-step"></div>
		</li>
		<li test-id='8' class='node then pass' status='pass'>
			<div class="step-name" title="com.stepdefinitions.LoginTest.verify_Flipkarts_use_terms_and_privacy_text_is_displayed()"><span class='status pass' title='pass'><i class='material-icons'>check_circle</i></span>Then verify Flipkarts use terms and privacy text is displayed</div>
			<div class="node-step"></div>
		</li>
		<li test-id='9' class='node then pass' status='pass'>
			<div class="step-name" title="com.stepdefinitions.LoginTest.verify_login_button_is_displayed_and_clickable()"><span class='status pass' title='pass'><i class='material-icons'>check_circle</i></span>Then verify login button is displayed and clickable</div>
			<div class="node-step"></div>
		</li>
	</ul>
</div>
<div class='scenario node' test-id='10' status='pass'>
	<div class='category-list'>
		<span class='category label'>@LoginPage</span>
		<span class='category label'>@Login</span>
	</div>
	<span class='duration right label'>0h 0m 6s+399ms</span>
	<div class="bdd-test">
		<div class="scenario-name"><span class='status pass' title='pass'><i class='material-icons'>check_circle</i></span> Scenario: Validate forgot password link</div>
	</div>
	<ul class='steps'>
		<li test-id='12' class='node given pass' status='pass'>
			<div class="step-name" title="com.stepdefinitions.LoginTest.launch_the_browser_navigate_to_the_Flipkart_HomePage_url_and_navigate_to_user_login_page()"><span class='status pass' title='pass'><i class='material-icons'>check_circle</i></span>Given Launch the browser navigate to the Flipkart HomePage url and navigate to user login page</div>
			<div class="node-step"></div>
		</li>
		<li test-id='13' class='node then pass' status='pass'>
			<div class="step-name" title="com.stepdefinitions.LoginTest.verify_Login_Screen_is_displayed()"><span class='status pass' title='pass'><i class='material-icons'>check_circle</i></span>Then Verify Login Screen is displayed</div>
			<div class="node-step"></div>
		</li>
		<li test-id='14' class='node then pass' status='pass'>
			<div class="step-name" title="com.stepdefinitions.LoginTest.verify_forgot_password_link_is_displayed_in_login_page_screen()"><span class='status pass' title='pass'><i class='material-icons'>check_circle</i></span>Then verify forgot password link is displayed in login page screen</div>
			<div class="node-step"></div>
		</li>
		<li test-id='15' class='node then pass' status='pass'>
			<div class="step-name" title="com.stepdefinitions.LoginTest.validate_forgot_password_link_is_clickable_and_navigated_as_expected()"><span class='status pass' title='pass'><i class='material-icons'>check_circle</i></span>Then validate forgot password link is clickable and navigated as expected</div>
			<div class="node-step"></div>
		</li>
	</ul>
</div>
<div class='scenario node' test-id='16' status='pass'>
	<div class='category-list'>
		<span class='category label'>@LoginPage</span>
		<span class='category label'>@Login</span>
	</div>
	<span class='duration right label'>0h 0m 1s+22ms</span>
	<div class="bdd-test">
		<div class="scenario-name"><span class='status pass' title='pass'><i class='material-icons'>check_circle</i></span> Scenario: Validate Request OTP button</div>
	</div>
	<ul class='steps'>
		<li test-id='18' class='node given pass' status='pass'>
			<div class="step-name" title="com.stepdefinitions.LoginTest.launch_the_browser_navigate_to_the_Flipkart_HomePage_url_and_navigate_to_user_login_page()"><span class='status pass' title='pass'><i class='material-icons'>check_circle</i></span>Given Launch the browser navigate to the Flipkart HomePage url and navigate to user login page</div>
			<div class="node-step"></div>
		</li>
		<li test-id='19' class='node then pass' status='pass'>
			<div class="step-name" title="com.stepdefinitions.LoginTest.verify_Login_Screen_is_displayed()"><span class='status pass' title='pass'><i class='material-icons'>check_circle</i></span>Then Verify Login Screen is displayed</div>
			<div class="node-step"></div>
		</li>
		<li test-id='20' class='node then pass' status='pass'>
			<div class="step-name" title="com.stepdefinitions.LoginTest.verify_Request_OTP_button_is_displayed()"><span class='status pass' title='pass'><i class='material-icons'>check_circle</i></span>Then verify Request OTP button is displayed</div>
			<div class="node-step"></div>
		</li>
		<li test-id='21' class='node then pass' status='pass'>
			<div class="step-name" title="com.stepdefinitions.LoginTest.click_on_request_otp_button()"><span class='status pass' title='pass'><i class='material-icons'>check_circle</i></span>Then click on request otp button</div>
			<div class="node-step"></div>
		</li>
		<li test-id='22' class='node then pass' status='pass'>
			<div class="step-name" title="com.stepdefinitions.LoginTest.verify_otp_sent_message()"><span class='status pass' title='pass'><i class='material-icons'>check_circle</i></span>Then verify otp sent message</div>
			<div class="node-step"></div>
		</li>
	</ul>
</div>
<div class='scenario node' test-id='23' status='pass'>
	<div class='category-list'>
		<span class='category label'>@LoginPage</span>
		<span class='category label'>@Login</span>
	</div>
	<span class='duration right label'>0h 0m 0s+819ms</span>
	<div class="bdd-test">
		<div class="scenario-name"><span class='status pass' title='pass'><i class='material-icons'>check_circle</i></span> Scenario: Validate Create an account link</div>
	</div>
	<ul class='steps'>
		<li test-id='25' class='node given pass' status='pass'>
			<div class="step-name" title="com.stepdefinitions.LoginTest.launch_the_browser_navigate_to_the_Flipkart_HomePage_url_and_navigate_to_user_login_page()"><span class='status pass' title='pass'><i class='material-icons'>check_circle</i></span>Given Launch the browser navigate to the Flipkart HomePage url and navigate to user login page</div>
			<div class="node-step"></div>
		</li>
		<li test-id='26' class='node then pass' status='pass'>
			<div class="step-name" title="com.stepdefinitions.LoginTest.verify_Login_Screen_is_displayed()"><span class='status pass' title='pass'><i class='material-icons'>check_circle</i></span>Then Verify Login Screen is displayed</div>
			<div class="node-step"></div>
		</li>
		<li test-id='27' class='node then pass' status='pass'>
			<div class="step-name" title="com.stepdefinitions.LoginTest.verify_Create_an_account_link_is_displayed()"><span class='status pass' title='pass'><i class='material-icons'>check_circle</i></span>Then Verify Create an account link is displayed</div>
			<div class="node-step"></div>
		</li>
		<li test-id='28' class='node then pass' status='pass'>
			<div class="step-name" title="com.stepdefinitions.LoginTest.click_on_create_an_account_link()"><span class='status pass' title='pass'><i class='material-icons'>check_circle</i></span>Then click on create an account link</div>
			<div class="node-step"></div>
		</li>
		<li test-id='29' class='node then pass' status='pass'>
			<div class="step-name" title="com.stepdefinitions.LoginTest.verify_is_navigated_create_new_account_page()"><span class='status pass' title='pass'><i class='material-icons'>check_circle</i></span>Then verify is navigated create new account page</div>
			<div class="node-step"></div>
		</li>
		<li test-id='30' class='node then pass' status='pass'>
			<div class="step-name" title="com.stepdefinitions.LoginTest.verify_terms_and_privacy_link_is_displaying()"><span class='status pass' title='pass'><i class='material-icons'>check_circle</i></span>Then verify terms and privacy link is displaying</div>
			<div class="node-step"></div>
		</li>
		<li test-id='31' class='node then pass' status='pass'>
			<div class="step-name" title="com.stepdefinitions.LoginTest.verify_user_can_enter_mobile_number_and_click_on_continue()"><span class='status pass' title='pass'><i class='material-icons'>check_circle</i></span>Then verify user can enter mobile number and click on continue</div>
			<div class="node-step"></div>
		</li>
	</ul>
</div>
<div class='scenario node' test-id='32' status='pass'>
	<div class='category-list'>
		<span class='category label'>@LoginPage</span>
		<span class='category label'>@Login</span>
	</div>
	<span class='duration right label'>0h 0m 1s+254ms</span>
	<div class="bdd-test">
		<div class="scenario-name"><span class='status pass' title='pass'><i class='material-icons'>check_circle</i></span> Scenario: User should not login into Flipkart site when the username and password are invalid</div>
	</div>
	<ul class='steps'>
		<li test-id='34' class='node given pass' status='pass'>
			<div class="step-name" title="com.stepdefinitions.LoginTest.launch_the_browser_navigate_to_the_Flipkart_HomePage_url_and_navigate_to_user_login_page()"><span class='status pass' title='pass'><i class='material-icons'>check_circle</i></span>Given Launch the browser navigate to the Flipkart HomePage url and navigate to user login page</div>
			<div class="node-step"></div>
		</li>
		<li test-id='35' class='node then pass' status='pass'>
			<div class="step-name" title="com.stepdefinitions.LoginTest.verify_Login_Screen_is_displayed()"><span class='status pass' title='pass'><i class='material-icons'>check_circle</i></span>Then Verify Login Screen is displayed</div>
			<div class="node-step"></div>
		</li>
		<li test-id='36' class='node when pass' status='pass'>
			<div class="step-name" title="com.stepdefinitions.LoginTest.user_enter_username_and_password_are_invalid()"><span class='status pass' title='pass'><i class='material-icons'>check_circle</i></span>When User enter username and password are invalid</div>
			<div class="node-step"></div>
		</li>
		<li test-id='37' class='node then pass' status='pass'>
			<div class="step-name" title="com.stepdefinitions.LoginTest.verify_error_message_for_invalid_details()"><span class='status pass' title='pass'><i class='material-icons'>check_circle</i></span>Then verify error message for invalid details</div>
			<div class="node-step"></div>
		</li>
	</ul>
</div>
<div class='scenario node' test-id='38' status='pass'>
	<div class='category-list'>
		<span class='category label'>@LoginPage</span>
		<span class='category label'>@Login</span>
	</div>
	<span class='duration right label'>0h 0m 0s+627ms</span>
	<div class="bdd-test">
		<div class="scenario-name"><span class='status pass' title='pass'><i class='material-icons'>check_circle</i></span> Scenario: User navigate to Flipkart home page and highlight electronic</div>
	</div>
	<ul class='steps'>
		<li test-id='40' class='node given pass' status='pass'>
			<div class="step-name" title="com.stepdefinitions.LoginTest.launch_the_browser_navigate_to_the_Flipkart_HomePage_url_and_navigate_to_user_login_page()"><span class='status pass' title='pass'><i class='material-icons'>check_circle</i></span>Given Launch the browser navigate to the Flipkart HomePage url and navigate to user login page</div>
			<div class="node-step"></div>
		</li>
		<li test-id='41' class='node then pass' status='pass'>
			<div class="step-name" title="com.stepdefinitions.LoginTest.verify_Login_Screen_is_displayed()"><span class='status pass' title='pass'><i class='material-icons'>check_circle</i></span>Then Verify Login Screen is displayed</div>
			<div class="node-step"></div>
		</li>
		<li test-id='42' class='node then pass' status='pass'>
			<div class="step-name" title="com.stepdefinitions.LoginTest.user_close_the_login_page()"><span class='status pass' title='pass'><i class='material-icons'>check_circle</i></span>Then user close the login page</div>
			<div class="node-step"></div>
		</li>
		<li test-id='43' class='node then pass' status='pass'>
			<div class="step-name" title="com.stepdefinitions.HomeTest.navigate_to_home_page()"><span class='status pass' title='pass'><i class='material-icons'>check_circle</i></span>Then navigate to home page</div>
			<div class="node-step"></div>
		</li>
		<li test-id='44' class='node then pass' status='pass'>
			<div class="step-name" title="com.stepdefinitions.HomeTest.highlight_electronic_tab_in_home_page()"><span class='status pass' title='pass'><i class='material-icons'>check_circle</i></span>Then highlight electronic tab in home page</div>
			<div class="node-step"></div>
		</li>
	</ul>
</div>
<div class='scenario node' test-id='45' status='fail'>
	<div class='category-list'>
		<span class='category label'>@LoginPage</span>
		<span class='category label'>@Login</span>
	</div>
	<span class='duration right label'>0h 1m 0s+134ms</span>
	<div class="bdd-test">
		<div class="scenario-name"><span class='status fail' title='fail'><i class='material-icons'>cancel</i></span> Scenario: Identify Broken links in application</div>
	</div>
	<ul class='steps'>
		<li test-id='47' class='node given fail' status='fail'>
			<div class="step-name" title="com.stepdefinitions.LoginTest.launch_the_browser_navigate_to_the_Flipkart_HomePage_url_and_navigate_to_user_login_page()"><span class='status fail' title='fail'><i class='material-icons'>cancel</i></span>Given Launch the browser navigate to the Flipkart HomePage url and navigate to user login page</div>
			<textarea disabled class="code-block">org.openqa.selenium.TimeoutException: Expected condition failed: waiting for visibility of Proxy element for: DefaultElementLocator 'By.xpath: //form[@autocomplete='on']' (tried for 20 second(s) with 500 milliseconds interval)
	at org.openqa.selenium.support.ui.WebDriverWait.timeoutException(WebDriverWait.java:95)
	at org.openqa.selenium.support.ui.FluentWait.until(FluentWait.java:272)
	at com.utilities.Tools.dynamic_Wait(Tools.java:62)
	at com.utilities.Tools.elementisPragent(Tools.java:156)
	at com.pages.LoginPage.click_UserLogin(LoginPage.java:102)
	at com.stepdefinitions.LoginTest.launch_the_browser_navigate_to_the_Flipkart_HomePage_url_and_navigate_to_user_login_page(LoginTest.java:18)
	at ?.Launch the browser navigate to the Flipkart HomePage url and navigate to user login page(file:///C:/Users/ysrav/git/AutomationDemo/Flipkart_TestDemoProject/fetures/LoginFeature.feature:7)
Caused by: org.openqa.selenium.NoSuchElementException: no such element: Unable to locate element: {"method":"xpath","selector":"//form[@autocomplete='on']"}
  (Session info: chrome=96.0.4664.110)
For documentation on this error, please visit: https://www.seleniumhq.org/exceptions/no_such_element.html
Build info: version: '3.141.59', revision: 'e82be7d358', time: '2018-11-14T08:17:03'
System info: host: 'LAPTOP-8O118D2N', ip: '192.168.29.158', os.name: 'Windows 10', os.arch: 'amd64', os.version: '10.0', java.version: '1.8.0_301'
Driver info: org.openqa.selenium.chrome.ChromeDriver
Capabilities {acceptInsecureCerts: false, browserName: chrome, browserVersion: 96.0.4664.110, chrome: {chromedriverVersion: 96.0.4664.45 (76e4c1bb2ab46..., userDataDir: C:\Users\ysrav\AppData\Loca...}, goog:chromeOptions: {debuggerAddress: localhost:52294}, javascriptEnabled: true, networkConnectionEnabled: false, pageLoadStrategy: normal, platform: WINDOWS, platformName: WINDOWS, proxy: Proxy(), setWindowRect: true, strictFileInteractability: false, timeouts: {implicit: 0, pageLoad: 300000, script: 30000}, unhandledPromptBehavior: dismiss and notify, webauthn:extension:credBlob: true, webauthn:extension:largeBlob: true, webauthn:virtualAuthenticators: true}
Session ID: 02c05afe333c8c00caedf68891928ee3
*** Element info: {Using=xpath, value=//form[@autocomplete='on']}
	at sun.reflect.NativeConstructorAccessorImpl.newInstance0(Native Method)
	at sun.reflect.NativeConstructorAccessorImpl.newInstance(Unknown Source)
	at sun.reflect.DelegatingConstructorAccessorImpl.newInstance(Unknown Source)
	at java.lang.reflect.Constructor.newInstance(Unknown Source)
	at org.openqa.selenium.remote.http.W3CHttpResponseCodec.createException(W3CHttpResponseCodec.java:187)
	at org.openqa.selenium.remote.http.W3CHttpResponseCodec.decode(W3CHttpResponseCodec.java:122)
	at org.openqa.selenium.remote.http.W3CHttpResponseCodec.decode(W3CHttpResponseCodec.java:49)
	at org.openqa.selenium.remote.HttpCommandExecutor.execute(HttpCommandExecutor.java:158)
	at org.openqa.selenium.remote.service.DriverCommandExecutor.execute(DriverCommandExecutor.java:83)
	at org.openqa.selenium.remote.RemoteWebDriver.execute(RemoteWebDriver.java:552)
	at org.openqa.selenium.remote.RemoteWebDriver.findElement(RemoteWebDriver.java:323)
	at org.openqa.selenium.remote.RemoteWebDriver.findElementByXPath(RemoteWebDriver.java:428)
	at org.openqa.selenium.By$ByXPath.findElement(By.java:353)
	at org.openqa.selenium.remote.RemoteWebDriver.findElement(RemoteWebDriver.java:315)
	at org.openqa.selenium.support.pagefactory.DefaultElementLocator.findElement(DefaultElementLocator.java:69)
	at org.openqa.selenium.support.pagefactory.internal.LocatingElementHandler.invoke(LocatingElementHandler.java:38)
	at com.sun.proxy.$Proxy21.isDisplayed(Unknown Source)
	at org.openqa.selenium.support.ui.ExpectedConditions.elementIfVisible(ExpectedConditions.java:314)
	at org.openqa.selenium.support.ui.ExpectedConditions.access$000(ExpectedConditions.java:43)
	at org.openqa.selenium.support.ui.ExpectedConditions$10.apply(ExpectedConditions.java:300)
	at org.openqa.selenium.support.ui.ExpectedConditions$10.apply(ExpectedConditions.java:297)
	at org.openqa.selenium.support.ui.FluentWait.until(FluentWait.java:249)
	at com.utilities.Tools.dynamic_Wait(Tools.java:62)
	at com.utilities.Tools.elementisPragent(Tools.java:156)
	at com.pages.LoginPage.click_UserLogin(LoginPage.java:102)
	at com.stepdefinitions.LoginTest.launch_the_browser_navigate_to_the_Flipkart_HomePage_url_and_navigate_to_user_login_page(LoginTest.java:18)
	at sun.reflect.NativeMethodAccessorImpl.invoke0(Native Method)
	at sun.reflect.NativeMethodAccessorImpl.invoke(Unknown Source)
	at sun.reflect.DelegatingMethodAccessorImpl.invoke(Unknown Source)
	at java.lang.reflect.Method.invoke(Unknown Source)
	at io.cucumber.java.Invoker.invoke(Invoker.java:27)
	at io.cucumber.java.JavaStepDefinition.execute(JavaStepDefinition.java:27)
	at io.cucumber.core.runner.PickleStepDefinitionMatch.runStep(PickleStepDefinitionMatch.java:63)
	at io.cucumber.core.runner.TestStep.executeStep(TestStep.java:64)
	at io.cucumber.core.runner.TestStep.run(TestStep.java:49)
	at io.cucumber.core.runner.PickleStepTestStep.run(PickleStepTestStep.java:46)
	at io.cucumber.core.runner.TestCase.run(TestCase.java:51)
	at io.cucumber.core.runner.Runner.runPickle(Runner.java:67)
	at io.cucumber.testng.TestNGCucumberRunner.runScenario(TestNGCucumberRunner.java:124)
	at io.cucumber.testng.AbstractTestNGCucumberTests.runScenario(AbstractTestNGCucumberTests.java:29)
	at sun.reflect.NativeMethodAccessorImpl.invoke0(Native Method)
	at sun.reflect.NativeMethodAccessorImpl.invoke(Unknown Source)
	at sun.reflect.DelegatingMethodAccessorImpl.invoke(Unknown Source)
	at java.lang.reflect.Method.invoke(Unknown Source)
	at org.testng.internal.MethodInvocationHelper.invokeMethod(MethodInvocationHelper.java:133)
	at org.testng.internal.TestInvoker.invokeMethod(TestInvoker.java:598)
	at org.testng.internal.TestInvoker.invokeTestMethod(TestInvoker.java:173)
	at org.testng.internal.MethodRunner.runInSequence(MethodRunner.java:46)
	at org.testng.internal.TestInvoker$MethodInvocationAgent.invoke(TestInvoker.java:824)
	at org.testng.internal.TestInvoker.invokeTestMethods(TestInvoker.java:146)
	at org.testng.internal.TestMethodWorker.invokeTestMethods(TestMethodWorker.java:146)
	at org.testng.internal.TestMethodWorker.run(TestMethodWorker.java:128)
	at java.util.ArrayList.forEach(Unknown Source)
	at org.testng.TestRunner.privateRun(TestRunner.java:794)
	at org.testng.TestRunner.run(TestRunner.java:596)
	at org.testng.SuiteRunner.runTest(SuiteRunner.java:377)
	at org.testng.SuiteRunner.runSequentially(SuiteRunner.java:371)
	at org.testng.SuiteRunner.privateRun(SuiteRunner.java:332)
	at org.testng.SuiteRunner.run(SuiteRunner.java:276)
	at org.testng.SuiteRunnerWorker.runSuite(SuiteRunnerWorker.java:53)
	at org.testng.SuiteRunnerWorker.run(SuiteRunnerWorker.java:96)
	at org.testng.TestNG.runSuitesSequentially(TestNG.java:1212)
	at org.testng.TestNG.runSuitesLocally(TestNG.java:1134)
	at org.testng.TestNG.runSuites(TestNG.java:1063)
	at org.testng.TestNG.run(TestNG.java:1031)
	at org.testng.remote.AbstractRemoteTestNG.run(AbstractRemoteTestNG.java:115)
	at org.testng.remote.RemoteTestNG.initAndRun(RemoteTestNG.java:251)
	at org.testng.remote.RemoteTestNG.main(RemoteTestNG.java:77)
</textarea>
		</li>
		<li test-id='48' class='node then skip' status='skip'>
			<div class="step-name" title="com.stepdefinitions.LoginTest.verify_Login_Screen_is_displayed()"><span class='status skip' title='skip'><i class='material-icons'>redo</i></span>Then Verify Login Screen is displayed</div>
			<div class="node-step">Step skipped</div>
		</li>
		<li test-id='49' class='node then skip' status='skip'>
			<div class="step-name" title="com.stepdefinitions.LoginTest.user_close_the_login_page()"><span class='status skip' title='skip'><i class='material-icons'>redo</i></span>Then user close the login page</div>
			<div class="node-step">Step skipped</div>
		</li>
		<li test-id='50' class='node then skip' status='skip'>
			<div class="step-name" title="com.stepdefinitions.HomeTest.navigate_to_home_page()"><span class='status skip' title='skip'><i class='material-icons'>redo</i></span>Then navigate to home page</div>
			<div class="node-step">Step skipped</div>
		</li>
	</ul>
</div>
					</div>
				</li>
			</ul>
		</div>
	</div>
	<!-- subview left -->
	<div class='subview-right left'>
		<div class='view-summary'>
			<div id='step-filters' class="right sr-filters">
				<a class="btn-floating waves-effect waves-light green" status="pass" alt="pass" title="pass"><i class="material-icons">check_circle</i></a>
				<a class="btn-floating waves-effect waves-light red" status="fail" alt="fail" title="fail"><i class="material-icons">cancel</i></a>
				<a class="btn-floating waves-effect waves-light red darken-4" status="fatal" alt="fatal" title="fatal"><i class="material-icons">cancel</i></a>
				<a class="btn-floating waves-effect waves-light pink text-lighten-1" status="error" alt="error" title="error"><i class="material-icons">error</i></a>
				<a class="btn-floating waves-effect waves-light orange" alt="warning" status="warning" title="warning"><i class="material-icons">warning</i></a>
				<a class="btn-floating waves-effect waves-light teal" status="skip" alt="skip" title="skip"><i class="material-icons">redo</i></a>
				<a class="btn-floating waves-effect waves-light grey" status="clear" alt="Clear filters" title="Clear filters"><i class="material-icons">clear</i></a>
			</div>
			<h5 class='test-name'></h5>
		</div>
	</div>
	<!-- subview right -->
</div>
<!-- test view --><div id='category-view' class='view hide'>
	<section id='controls'>
		<div class='controls grey lighten-4'>
			<!-- search -->
			<div class='chip transparent' alt='Search Tests' title='Search Tests'>
				<a href="#" class='search-div'>
				<i class='material-icons'>search</i> Search
				</a>
				<div class='input-field left hide'>
					<input id='search-tests' type='text' class='validate browser-default' placeholder='Search Tests...'>
				</div>
			</div>
			<!-- search -->
		</div>
	</section>
	<div class='subview-left left'>
		<div class='view-summary'>
			<ul id='category-collection' class='category-collection'>
				<li class='category displayed active'>
					<div class='category-heading'>
						<span class='category-name'>@LoginPage</span>
						<span class='category-status right'>
						<span class='label pass'>6</span>
						<span class='label fail'>1</span>
						</span>
					</div>
					<div class='category-content hide'>
						<div class='category-status-counts'>
							<span status="pass" class='label green accent-4 white-text'>Passed: 6</span>
							<span status="fail" class='label red lighten-1 white-text'>Failed: 1</span>
							
						</div>
						<div class='category-tests'>
							<table class='bordered table-results'>
								<thead>
									<tr>
										<th>Timestamp</th>
										<th>TestName</th>
										<th>Status</th>
									</tr>
								</thead>
								<tbody>
									<tr>
										<td>Jan 3, 2022 03:25:57 PM</td>
										<td class='linked' test-id='1'>Flipkart -text-boxes buttons  and links are present on the Login page</td>
										<td><span class='test-status fail'>fail</span></td>
									</tr>
									<tr>
										<td>Jan 3, 2022 03:25:57 PM</td>
										<td class='linked' test-id='2'>Validate Login Page UserName Password Terms and Privacy links and Login Button</td>
										<td><span class='test-status pass'>pass</span></td>
									</tr>
									<tr>
										<td>Jan 3, 2022 03:26:01 PM</td>
										<td class='linked' test-id='10'>Validate forgot password link</td>
										<td><span class='test-status pass'>pass</span></td>
									</tr>
									<tr>
										<td>Jan 3, 2022 03:26:09 PM</td>
										<td class='linked' test-id='16'>Validate Request OTP button</td>
										<td><span class='test-status pass'>pass</span></td>
									</tr>
									<tr>
										<td>Jan 3, 2022 03:26:13 PM</td>
										<td class='linked' test-id='23'>Validate Create an account link</td>
										<td><span class='test-status pass'>pass</span></td>
									</tr>
									<tr>
										<td>Jan 3, 2022 03:26:16 PM</td>
										<td class='linked' test-id='32'>User should not login into Flipkart site when the username and password are invalid</td>
										<td><span class='test-status pass'>pass</span></td>
									</tr>
									<tr>
										<td>Jan 3, 2022 03:26:20 PM</td>
										<td class='linked' test-id='38'>User navigate to Flipkart home page and highlight electronic</td>
										<td><span class='test-status pass'>pass</span></td>
									</tr>
									<tr>
										<td>Jan 3, 2022 03:26:23 PM</td>
										<td class='linked' test-id='45'>Identify Broken links in application</td>
										<td><span class='test-status fail'>fail</span></td>
									</tr>
								</tbody>
							</table>
						</div>
					</div>
				</li>
				<li class='category displayed active'>
					<div class='category-heading'>
						<span class='category-name'>@Login</span>
						<span class='category-status right'>
						<span class='label pass'>6</span>
						<span class='label fail'>1</span>
						</span>
					</div>
					<div class='category-content hide'>
						<div class='category-status-counts'>
							<span status="pass" class='label green accent-4 white-text'>Passed: 6</span>
							<span status="fail" class='label red lighten-1 white-text'>Failed: 1</span>
							
						</div>
						<div class='category-tests'>
							<table class='bordered table-results'>
								<thead>
									<tr>
										<th>Timestamp</th>
										<th>TestName</th>
										<th>Status</th>
									</tr>
								</thead>
								<tbody>
									<tr>
										<td>Jan 3, 2022 03:25:57 PM</td>
										<td class='linked' test-id='2'>Validate Login Page UserName Password Terms and Privacy links and Login Button</td>
										<td><span class='test-status pass'>pass</span></td>
									</tr>
									<tr>
										<td>Jan 3, 2022 03:26:01 PM</td>
										<td class='linked' test-id='10'>Validate forgot password link</td>
										<td><span class='test-status pass'>pass</span></td>
									</tr>
									<tr>
										<td>Jan 3, 2022 03:26:09 PM</td>
										<td class='linked' test-id='16'>Validate Request OTP button</td>
										<td><span class='test-status pass'>pass</span></td>
									</tr>
									<tr>
										<td>Jan 3, 2022 03:26:13 PM</td>
										<td class='linked' test-id='23'>Validate Create an account link</td>
										<td><span class='test-status pass'>pass</span></td>
									</tr>
									<tr>
										<td>Jan 3, 2022 03:26:16 PM</td>
										<td class='linked' test-id='32'>User should not login into Flipkart site when the username and password are invalid</td>
										<td><span class='test-status pass'>pass</span></td>
									</tr>
									<tr>
										<td>Jan 3, 2022 03:26:20 PM</td>
										<td class='linked' test-id='38'>User navigate to Flipkart home page and highlight electronic</td>
										<td><span class='test-status pass'>pass</span></td>
									</tr>
									<tr>
										<td>Jan 3, 2022 03:26:23 PM</td>
										<td class='linked' test-id='45'>Identify Broken links in application</td>
										<td><span class='test-status fail'>fail</span></td>
									</tr>
								</tbody>
							</table>
						</div>
					</div>
				</li>
			</ul>
		</div>
	</div>
	<div class='subview-right left'>
		<div class='view-summary'>
			<h5 class='category-name'></h5>
		</div>
	</div>
</div>
<!-- category view --><div id='exception-view' class='view hide'>
	<section id='controls'>
		<div class='controls grey lighten-4'>
			<!-- search -->
			<div class='chip transparent' alt='Search Tests' title='Search Tests'>
				<a href="#" class='search-div'>
				<i class='material-icons'>search</i> Search
				</a>
				<div class='input-field left hide'>
					<input id='search-tests' type='text' class='validate browser-default' placeholder='Search Tests...'>
				</div>
			</div>
			<!-- search -->
		</div>
	</section>
	<div class='subview-left left'>
		<div class='view-summary'>
			<ul id='exception-collection' class='exception-collection'>
				<li class='exception displayed active'>
					<div class='exception-heading'>
						<span class='exception-name'>org.openqa.selenium.TimeoutException</span>
						<span class='exception-count right'><span class='label red lighten-1 white-text'>1</span></span>
					</div>
					<div class='exception-content hide'>
						<div class='exception-tests'>
							<table class='bordered table-results'>
								<thead>
									<tr>
										<th>Timestamp</th>
										<th>TestName</th>
										<th>Status</th>
									</tr>
								</thead>
								<tbody>
									<tr>
										<td>Jan 3, 2022 03:26:23 PM</td>
										<td class='linked' test-id='47'>Given Launch the browser navigate to the Flipkart HomePage url and navigate to user login page</td>
										<td>
											<textarea disabled class="code-block">org.openqa.selenium.TimeoutException: Expected condition failed: waiting for visibility of Proxy element for: DefaultElementLocator 'By.xpath: //form[@autocomplete='on']' (tried for 20 second(s) with 500 milliseconds interval)
	at org.openqa.selenium.support.ui.WebDriverWait.timeoutException(WebDriverWait.java:95)
	at org.openqa.selenium.support.ui.FluentWait.until(FluentWait.java:272)
	at com.utilities.Tools.dynamic_Wait(Tools.java:62)
	at com.utilities.Tools.elementisPragent(Tools.java:156)
	at com.pages.LoginPage.click_UserLogin(LoginPage.java:102)
	at com.stepdefinitions.LoginTest.launch_the_browser_navigate_to_the_Flipkart_HomePage_url_and_navigate_to_user_login_page(LoginTest.java:18)
	at ?.Launch the browser navigate to the Flipkart HomePage url and navigate to user login page(file:///C:/Users/ysrav/git/AutomationDemo/Flipkart_TestDemoProject/fetures/LoginFeature.feature:7)
Caused by: org.openqa.selenium.NoSuchElementException: no such element: Unable to locate element: {"method":"xpath","selector":"//form[@autocomplete='on']"}
  (Session info: chrome=96.0.4664.110)
For documentation on this error, please visit: https://www.seleniumhq.org/exceptions/no_such_element.html
Build info: version: '3.141.59', revision: 'e82be7d358', time: '2018-11-14T08:17:03'
System info: host: 'LAPTOP-8O118D2N', ip: '192.168.29.158', os.name: 'Windows 10', os.arch: 'amd64', os.version: '10.0', java.version: '1.8.0_301'
Driver info: org.openqa.selenium.chrome.ChromeDriver
Capabilities {acceptInsecureCerts: false, browserName: chrome, browserVersion: 96.0.4664.110, chrome: {chromedriverVersion: 96.0.4664.45 (76e4c1bb2ab46..., userDataDir: C:\Users\ysrav\AppData\Loca...}, goog:chromeOptions: {debuggerAddress: localhost:52294}, javascriptEnabled: true, networkConnectionEnabled: false, pageLoadStrategy: normal, platform: WINDOWS, platformName: WINDOWS, proxy: Proxy(), setWindowRect: true, strictFileInteractability: false, timeouts: {implicit: 0, pageLoad: 300000, script: 30000}, unhandledPromptBehavior: dismiss and notify, webauthn:extension:credBlob: true, webauthn:extension:largeBlob: true, webauthn:virtualAuthenticators: true}
Session ID: 02c05afe333c8c00caedf68891928ee3
*** Element info: {Using=xpath, value=//form[@autocomplete='on']}
	at sun.reflect.NativeConstructorAccessorImpl.newInstance0(Native Method)
	at sun.reflect.NativeConstructorAccessorImpl.newInstance(Unknown Source)
	at sun.reflect.DelegatingConstructorAccessorImpl.newInstance(Unknown Source)
	at java.lang.reflect.Constructor.newInstance(Unknown Source)
	at org.openqa.selenium.remote.http.W3CHttpResponseCodec.createException(W3CHttpResponseCodec.java:187)
	at org.openqa.selenium.remote.http.W3CHttpResponseCodec.decode(W3CHttpResponseCodec.java:122)
	at org.openqa.selenium.remote.http.W3CHttpResponseCodec.decode(W3CHttpResponseCodec.java:49)
	at org.openqa.selenium.remote.HttpCommandExecutor.execute(HttpCommandExecutor.java:158)
	at org.openqa.selenium.remote.service.DriverCommandExecutor.execute(DriverCommandExecutor.java:83)
	at org.openqa.selenium.remote.RemoteWebDriver.execute(RemoteWebDriver.java:552)
	at org.openqa.selenium.remote.RemoteWebDriver.findElement(RemoteWebDriver.java:323)
	at org.openqa.selenium.remote.RemoteWebDriver.findElementByXPath(RemoteWebDriver.java:428)
	at org.openqa.selenium.By$ByXPath.findElement(By.java:353)
	at org.openqa.selenium.remote.RemoteWebDriver.findElement(RemoteWebDriver.java:315)
	at org.openqa.selenium.support.pagefactory.DefaultElementLocator.findElement(DefaultElementLocator.java:69)
	at org.openqa.selenium.support.pagefactory.internal.LocatingElementHandler.invoke(LocatingElementHandler.java:38)
	at com.sun.proxy.$Proxy21.isDisplayed(Unknown Source)
	at org.openqa.selenium.support.ui.ExpectedConditions.elementIfVisible(ExpectedConditions.java:314)
	at org.openqa.selenium.support.ui.ExpectedConditions.access$000(ExpectedConditions.java:43)
	at org.openqa.selenium.support.ui.ExpectedConditions$10.apply(ExpectedConditions.java:300)
	at org.openqa.selenium.support.ui.ExpectedConditions$10.apply(ExpectedConditions.java:297)
	at org.openqa.selenium.support.ui.FluentWait.until(FluentWait.java:249)
	at com.utilities.Tools.dynamic_Wait(Tools.java:62)
	at com.utilities.Tools.elementisPragent(Tools.java:156)
	at com.pages.LoginPage.click_UserLogin(LoginPage.java:102)
	at com.stepdefinitions.LoginTest.launch_the_browser_navigate_to_the_Flipkart_HomePage_url_and_navigate_to_user_login_page(LoginTest.java:18)
	at sun.reflect.NativeMethodAccessorImpl.invoke0(Native Method)
	at sun.reflect.NativeMethodAccessorImpl.invoke(Unknown Source)
	at sun.reflect.DelegatingMethodAccessorImpl.invoke(Unknown Source)
	at java.lang.reflect.Method.invoke(Unknown Source)
	at io.cucumber.java.Invoker.invoke(Invoker.java:27)
	at io.cucumber.java.JavaStepDefinition.execute(JavaStepDefinition.java:27)
	at io.cucumber.core.runner.PickleStepDefinitionMatch.runStep(PickleStepDefinitionMatch.java:63)
	at io.cucumber.core.runner.TestStep.executeStep(TestStep.java:64)
	at io.cucumber.core.runner.TestStep.run(TestStep.java:49)
	at io.cucumber.core.runner.PickleStepTestStep.run(PickleStepTestStep.java:46)
	at io.cucumber.core.runner.TestCase.run(TestCase.java:51)
	at io.cucumber.core.runner.Runner.runPickle(Runner.java:67)
	at io.cucumber.testng.TestNGCucumberRunner.runScenario(TestNGCucumberRunner.java:124)
	at io.cucumber.testng.AbstractTestNGCucumberTests.runScenario(AbstractTestNGCucumberTests.java:29)
	at sun.reflect.NativeMethodAccessorImpl.invoke0(Native Method)
	at sun.reflect.NativeMethodAccessorImpl.invoke(Unknown Source)
	at sun.reflect.DelegatingMethodAccessorImpl.invoke(Unknown Source)
	at java.lang.reflect.Method.invoke(Unknown Source)
	at org.testng.internal.MethodInvocationHelper.invokeMethod(MethodInvocationHelper.java:133)
	at org.testng.internal.TestInvoker.invokeMethod(TestInvoker.java:598)
	at org.testng.internal.TestInvoker.invokeTestMethod(TestInvoker.java:173)
	at org.testng.internal.MethodRunner.runInSequence(MethodRunner.java:46)
	at org.testng.internal.TestInvoker$MethodInvocationAgent.invoke(TestInvoker.java:824)
	at org.testng.internal.TestInvoker.invokeTestMethods(TestInvoker.java:146)
	at org.testng.internal.TestMethodWorker.invokeTestMethods(TestMethodWorker.java:146)
	at org.testng.internal.TestMethodWorker.run(TestMethodWorker.java:128)
	at java.util.ArrayList.forEach(Unknown Source)
	at org.testng.TestRunner.privateRun(TestRunner.java:794)
	at org.testng.TestRunner.run(TestRunner.java:596)
	at org.testng.SuiteRunner.runTest(SuiteRunner.java:377)
	at org.testng.SuiteRunner.runSequentially(SuiteRunner.java:371)
	at org.testng.SuiteRunner.privateRun(SuiteRunner.java:332)
	at org.testng.SuiteRunner.run(SuiteRunner.java:276)
	at org.testng.SuiteRunnerWorker.runSuite(SuiteRunnerWorker.java:53)
	at org.testng.SuiteRunnerWorker.run(SuiteRunnerWorker.java:96)
	at org.testng.TestNG.runSuitesSequentially(TestNG.java:1212)
	at org.testng.TestNG.runSuitesLocally(TestNG.java:1134)
	at org.testng.TestNG.runSuites(TestNG.java:1063)
	at org.testng.TestNG.run(TestNG.java:1031)
	at org.testng.remote.AbstractRemoteTestNG.run(AbstractRemoteTestNG.java:115)
	at org.testng.remote.RemoteTestNG.initAndRun(RemoteTestNG.java:251)
	at org.testng.remote.RemoteTestNG.main(RemoteTestNG.java:77)
</textarea>
										</td>
									</tr>
								</tbody>
							</table>
						</div>
					</div>
				</li>
			</ul>
		</div>
	</div>
	<div class='subview-right left'>
		<div class='view-summary'>
			<h5 class='exception-name'></h5>
		</div>
	</div>
</div>
<!-- exception view --><div id='dashboard-view' class='view hide'>
	<div class='card-panel transparent np-v'>
		<h5>Dashboard</h5>

		<div class='row'>
			<div class='col s2'>
				<div class='card-panel r'>
					Features
					<div class='panel-lead'>1</div>
				</div>
			</div>
			<div class='col s2'>
				<div class='card-panel r'>
					Scenarios
					<div class='panel-lead'>7</div>
				</div>
			</div>
			<div class='col s2'>
				<div class='card-panel r'>
					Steps
					<div class='panel-lead'>35</div>
				</div>
			</div>
			<div class='col s2'>
				<div class='card-panel r'>
					Start
					<div class='panel-lead'>Jan 3, 2022 03:25:51 PM</div>
				</div>
			</div>
			<div class='col s2'>
				<div class='card-panel r'>
			 		End
			 		<div class='panel-lead'>Jan 3, 2022 03:27:23 PM</div>
				</div>
			</div>
			<div class='col s2'>
				<div class='card-panel r'>
					Time Taken
					<div class='panel-lead'>0h 1m 32s+376ms</div>
				</div>
			</div>
			<div class='col s6'>
				<div class='card-panel dashboard-categories'>
					<span class='right label cyan white-text'>Categories</span><p>&nbsp;</p>
					
					<table>
						<tr>
							<th>Name</th>
							<th>Passed</th>
							<th>Failed</th>
							<th>Skipped</th>
							<th>Passed %</th>
						</tr>
						<tr>
							<td>@LoginPage</td>
							<td>6</td>
							<td>1</td>
							<td>0</td>
							<td>
									75%
							</td>
						</tr>
						<tr>
							<td>@Login</td>
							<td>6</td>
							<td>1</td>
							<td>0</td>
							<td>
									85.714%
							</td>
						</tr>
					</table>
				</div>
			</div>
		</div>
	</div>
</div>
<!-- dashboard view -->
<!-- testrunner-logs view -->		</div>
		<!-- container -->
		<script>
			var statusGroup = {
                parentCount: 1,
				passParent: 0,
				failParent: 1,
				fatalParent: 0,
				errorParent: 0,
				warningParent: 0,
				skipParent: 0,
				exceptionsParent: 1,
				childCount: 7,
				passChild: 6,
				failChild: 1,
				fatalChild: 0,
				errorChild: 0,
				warningChild: 0,
				skipChild: 0,
				infoChild: 0,
				debugChild: 0,
				exceptionsChild: 1,
				grandChildCount: 35,
				passGrandChild: 31,
				failGrandChild: 1,
				fatalGrandChild: 0,
				errorGrandChild: 0,
				warningGrandChild: 0,
				skipGrandChild: 3,
				infoGrandChild: 0,
				debugGrandChild: 0,
				exceptionsGrandChild: 4,
			};
		</script>
		<script>
			var timeline = {
			        "Flipkart -text-boxes buttons  and links are present on the Login page":86.25
			};
		</script>
	
		  <script src='https://cdn.jsdelivr.net/gh/extent-framework/extent-github-cdn@ff53917fbbdb5ef820abbbe4d199a6942dc771ff/v3html/js/extent.js' type='text/javascript'></script>
		<script type='text/javascript'>
			


$(document).ready(function() {
});

		
		</script>
	</body>
</html>